\BOOKMARK [0][-]{chapter.1}{\376\377\000I\000n\000t\000r\000o\000d\000u\000c\000t\000i\000o\000n}{}% 1
\BOOKMARK [1][-]{section.1.1}{\376\377\000A\000b\000s\000t\000r\000a\000c\000t}{chapter.1}% 2
\BOOKMARK [2][-]{subsection.1.1.1}{\376\377\000D\000i\000f\000f\000i\000c\000u\000l\000t\000y\000\040\000E\000s\000t\000i\000m\000a\000t\000i\000o\000n\000\040\000P\000r\000o\000p\000o\000s\000a\000l}{section.1.1}% 3
\BOOKMARK [1][-]{section.1.2}{\376\377\000B\000a\000c\000k\000g\000r\000o\000u\000n\000d\000\040\000o\000f\000\040\000V\000S\000R\000G\000s}{chapter.1}% 4
\BOOKMARK [1][-]{section.1.3}{\376\377\000P\000r\000o\000j\000e\000c\000t\000\040\000M\000a\000n\000a\000g\000e\000m\000e\000n\000t}{chapter.1}% 5
\BOOKMARK [2][-]{subsection.1.3.1}{\376\377\000R\000o\000a\000d\000m\000a\000p}{section.1.3}% 6
\BOOKMARK [0][-]{chapter.2}{\376\377\000V\000S\000R\000G\000\040\000T\000e\000r\000m\000s}{}% 7
\BOOKMARK [1][-]{section.2.1}{\376\377\000N\000o\000t\000e\000s\000,\000\040\000L\000o\000n\000g\000\040\000N\000o\000t\000e\000s\000,\000\040\000R\000e\000c\000e\000p\000t\000o\000r\000s\000\040\000a\000n\000d\000\040\000K\000e\000y\000s}{chapter.2}% 8
\BOOKMARK [2][-]{subsection.2.1.1}{\376\377\000S\000t\000a\000n\000d\000a\000r\000d\000\040\000A\000S\000C\000I\000I\000\040\000F\000o\000r\000m\000a\000t}{section.2.1}% 9
\BOOKMARK [1][-]{section.2.2}{\376\377\000R\000e\000l\000a\000t\000i\000o\000n\000s\000h\000i\000p\000\040\000o\000f\000\040\000N\000o\000t\000e\000s\000,\000\040\000P\000a\000t\000t\000e\000r\000n\000s\000\040\000a\000n\000d\000\040\000B\000e\000a\000t\000m\000a\000p\000s}{chapter.2}% 10
\BOOKMARK [1][-]{section.2.3}{\376\377\000J\000u\000d\000g\000e\000m\000e\000n\000t\000s}{chapter.2}% 11
\BOOKMARK [0][-]{chapter.3}{\376\377\000K\000e\000y\000\040\000M\000i\000l\000e\000s\000t\000o\000n\000e\000s\000\040\000\046\000\040\000R\000e\000q\000u\000i\000r\000e\000m\000e\000n\000t\000s}{}% 12
\BOOKMARK [1][-]{section.3.1}{\376\377\000C\000l\000o\000u\000d}{chapter.3}% 13
\BOOKMARK [1][-]{section.3.2}{\376\377\000G\000r\000o\000u\000n\000d\000\040\000T\000r\000u\000t\000h}{chapter.3}% 14
\BOOKMARK [2][-]{subsection.3.2.1}{\376\377\000A\000g\000g\000r\000e\000g\000a\000t\000e\000d\000\040\000M\000a\000p\000\040\000D\000i\000f\000f\000i\000c\000u\000l\000t\000y}{section.3.2}% 15
\BOOKMARK [2][-]{subsection.3.2.2}{\376\377\000T\000i\000m\000e\000-\000S\000e\000r\000i\000e\000s\000\040\000M\000a\000p\000\040\000D\000i\000f\000f\000i\000c\000u\000l\000t\000y}{section.3.2}% 16
\BOOKMARK [0][-]{chapter.4}{\376\377\000S\000c\000o\000r\000e\000\040\000G\000r\000o\000u\000n\000d\000\040\000T\000r\000u\000t\000h\000s}{}% 17
\BOOKMARK [1][-]{section.4.1}{\376\377\000S\000c\000o\000r\000e\000\040\000P\000r\000e\000d\000i\000c\000t\000i\000o\000n\000\040\000M\000e\000t\000h\000o\000d\000o\000l\000o\000g\000y}{chapter.4}% 18
\BOOKMARK [2][-]{subsection.4.1.1}{\376\377\000N\000u\000l\000l\000\040\000S\000c\000o\000r\000e\000s}{section.4.1}% 19
\BOOKMARK [2][-]{subsection.4.1.2}{\376\377\000I\000n\000s\000u\000f\000f\000i\000c\000i\000e\000n\000t\000\040\000S\000u\000p\000p\000o\000r\000t\000s}{section.4.1}% 20
\BOOKMARK [2][-]{subsection.4.1.3}{\376\377\000A\000n\000a\000l\000o\000g\000y\000\040\000o\000f\000\040\000S\000c\000o\000r\000e\000\040\000E\000s\000t\000i\000m\000a\000t\000i\000o\000n}{section.4.1}% 21
\BOOKMARK [2][-]{subsection.4.1.4}{\376\377\000M\000e\000t\000h\000o\000d\000\040\000o\000f\000\040\000S\000c\000o\000r\000e\000\040\000E\000s\000t\000i\000m\000a\000t\000i\000o\000n}{section.4.1}% 22
\BOOKMARK [1][-]{section.4.2}{\376\377\000G\000e\000t\000t\000i\000n\000g\000\040\000S\000c\000o\000r\000e\000\040\000D\000a\000t\000a}{chapter.4}% 23
\BOOKMARK [1][-]{section.4.3}{\376\377\000F\000i\000l\000t\000e\000r\000i\000n\000g\000\040\000S\000c\000o\000r\000e\000\040\000D\000a\000t\000a}{chapter.4}% 24
\BOOKMARK [0][-]{chapter.5}{\376\377\000A\000n\000n\000e\000x}{}% 25
\BOOKMARK [1][-]{section.5.1}{\376\377\000A\000n\000n\000e\000x}{chapter.5}% 26
